<?xml version="1.0" encoding="UTF-8"?>
<!-- Generated by org.testng.reporters.JUnitXMLReporter -->
<testsuite ignored="0" hostname="DESKTOP-LV5QG8U" failures="1" tests="12" name="Admin and OP Module Tests" time="187.236" errors="0" timestamp="2025-02-12T12:57:03 IST">
  <testcase classname="testCases.ADMIN.MASTERS.AddOrganizationTest" name="verifyAddOrganization" time="11.86"/>
  <testcase classname="testCases.ADMIN.MASTERS.AddLocationTest" name="verifyAddLocation" time="4.005"/>
  <testcase classname="testCases.ADMIN.MASTERS.AddDepartmentsTest" name="verifyAddDepartment" time="3.541"/>
  <testcase classname="testCases.ADMIN.MASTERS.AddFloorsTest" name="verifyAddFloors" time="2.734">
    <failure type="java.lang.AssertionError" message="❌ Floor Added Test Failed expected [Floor added successfully] but found [Floor number already exists]">
      <![CDATA[java.lang.AssertionError: ❌ Floor Added Test Failed expected [Floor added successfully] but found [Floor number already exists]
at pageObjects.adminModule.MasterList.TC_006_AddFloors.setSubmitFloor(TC_006_AddFloors.java:62)
at testCases.ADMIN.MASTERS.AddFloorsTest.verifyAddFloors(AddFloorsTest.java:23)
at java.base/java.util.ArrayList.forEach(ArrayList.java:1596)
at java.base/java.util.concurrent.FutureTask.run(FutureTask.java:317)
at java.base/java.util.concurrent.ThreadPoolExecutor.runWorker(ThreadPoolExecutor.java:1144)
at java.base/java.util.concurrent.ThreadPoolExecutor$Worker.run(ThreadPoolExecutor.java:642)
at java.base/java.lang.Thread.run(Thread.java:1583)
... Removed 20 stack frames]]>
    </failure>
  </testcase> <!-- verifyAddFloors -->
  <testcase classname="testCases.ADMIN.MASTERS.AddWardsTest" name="verifyAddWards" time="4.425"/>
  <testcase classname="testCases.ADMIN.MASTERS.AddRoomsTest" name="verifyAddRooms" time="10.812"/>
  <testcase classname="testCases.ADMIN.MASTERS.AddBedMastersTest" name="verifyAddBedMasters" time="13.918"/>
  <testcase classname="testCases.ADMIN.MASTERS.AddIDProofTest" name="verifyAddID_Proofs" time="2.779"/>
  <testcase classname="testCases.ADMIN.MASTERS.AddCounterTest" name="verifyAddCounters" time="4.319"/>
  <testcase classname="testCases.UHID_CreationTest" name="verify_UHID_Registeration" time="17.825"/>
  <testcase classname="testCases.Patient_RegisterationTest" name="verify_PaitentRegisteration" time="36.01"/>
  <testcase classname="testCases.Warehouse.Item_Creation_Test" name="verifyItemCreation" time="24.379"/>
</testsuite> <!-- Admin and OP Module Tests -->
