<?xml version="1.0" encoding="UTF-8"?>
<testng-results ignored="0" total="12" passed="11" failed="1" skipped="0">
  <reporter-output>
  </reporter-output>
  <suite started-at="2025-02-12T12:53:55 IST" name="Master Suite" finished-at="2025-02-12T12:57:02 IST" duration-ms="187236">
    <groups>
      <group name="Sanity">
        <method signature="AddBedMastersTest.verifyAddBedMasters()[pri:0, instance:testCases.ADMIN.MASTERS.AddBedMastersTest@6187d1f5]" name="verifyAddBedMasters" class="testCases.ADMIN.MASTERS.AddBedMastersTest"/>
        <method signature="AddCounterTest.verifyAddCounters()[pri:0, instance:testCases.ADMIN.MASTERS.AddCounterTest@7502291e]" name="verifyAddCounters" class="testCases.ADMIN.MASTERS.AddCounterTest"/>
        <method signature="AddDepartmentsTest.verifyAddDepartment()[pri:0, instance:testCases.ADMIN.MASTERS.AddDepartmentsTest@5dd1c9f2]" name="verifyAddDepartment" class="testCases.ADMIN.MASTERS.AddDepartmentsTest"/>
        <method signature="AddFloorsTest.verifyAddFloors()[pri:0, instance:testCases.ADMIN.MASTERS.AddFloorsTest@59b38691]" name="verifyAddFloors" class="testCases.ADMIN.MASTERS.AddFloorsTest"/>
        <method signature="AddIDProofTest.verifyAddID_Proofs()[pri:0, instance:testCases.ADMIN.MASTERS.AddIDProofTest@2445445a]" name="verifyAddID_Proofs" class="testCases.ADMIN.MASTERS.AddIDProofTest"/>
        <method signature="AddLocationTest.verifyAddLocation(java.lang.String)[pri:0, instance:testCases.ADMIN.MASTERS.AddLocationTest@a22cb6a]" name="verifyAddLocation" class="testCases.ADMIN.MASTERS.AddLocationTest"/>
        <method signature="AddOrganizationTest.verifyAddOrganization()[pri:0, instance:testCases.ADMIN.MASTERS.AddOrganizationTest@142269f2]" name="verifyAddOrganization" class="testCases.ADMIN.MASTERS.AddOrganizationTest"/>
        <method signature="AddRoomsTest.verifyAddRooms()[pri:0, instance:testCases.ADMIN.MASTERS.AddRoomsTest@324a0017]" name="verifyAddRooms" class="testCases.ADMIN.MASTERS.AddRoomsTest"/>
        <method signature="AddWardsTest.verifyAddWards()[pri:0, instance:testCases.ADMIN.MASTERS.AddWardsTest@2e2ff723]" name="verifyAddWards" class="testCases.ADMIN.MASTERS.AddWardsTest"/>
        <method signature="Patient_RegisterationTest.verify_PaitentRegisteration()[pri:0, instance:testCases.Patient_RegisterationTest@487db668]" name="verify_PaitentRegisteration" class="testCases.Patient_RegisterationTest"/>
        <method signature="UHID_CreationTest.verify_UHID_Registeration()[pri:0, instance:testCases.UHID_CreationTest@17aad511]" name="verify_UHID_Registeration" class="testCases.UHID_CreationTest"/>
        <method signature="Item_Creation_Test.verifyItemCreation(java.lang.String)[pri:0, instance:testCases.Warehouse.Item_Creation_Test@76884e4b]" name="verifyItemCreation" class="testCases.Warehouse.Item_Creation_Test"/>
      </group> <!-- Sanity -->
      <group name="Warehouse Module">
        <method signature="Item_Creation_Test.verifyItemCreation(java.lang.String)[pri:0, instance:testCases.Warehouse.Item_Creation_Test@76884e4b]" name="verifyItemCreation" class="testCases.Warehouse.Item_Creation_Test"/>
      </group> <!-- Warehouse Module -->
      <group name="ADMIN Module">
        <method signature="AddBedMastersTest.verifyAddBedMasters()[pri:0, instance:testCases.ADMIN.MASTERS.AddBedMastersTest@6187d1f5]" name="verifyAddBedMasters" class="testCases.ADMIN.MASTERS.AddBedMastersTest"/>
        <method signature="AddCounterTest.verifyAddCounters()[pri:0, instance:testCases.ADMIN.MASTERS.AddCounterTest@7502291e]" name="verifyAddCounters" class="testCases.ADMIN.MASTERS.AddCounterTest"/>
        <method signature="AddDepartmentsTest.verifyAddDepartment()[pri:0, instance:testCases.ADMIN.MASTERS.AddDepartmentsTest@5dd1c9f2]" name="verifyAddDepartment" class="testCases.ADMIN.MASTERS.AddDepartmentsTest"/>
        <method signature="AddFloorsTest.verifyAddFloors()[pri:0, instance:testCases.ADMIN.MASTERS.AddFloorsTest@59b38691]" name="verifyAddFloors" class="testCases.ADMIN.MASTERS.AddFloorsTest"/>
        <method signature="AddIDProofTest.verifyAddID_Proofs()[pri:0, instance:testCases.ADMIN.MASTERS.AddIDProofTest@2445445a]" name="verifyAddID_Proofs" class="testCases.ADMIN.MASTERS.AddIDProofTest"/>
        <method signature="AddLocationTest.verifyAddLocation(java.lang.String)[pri:0, instance:testCases.ADMIN.MASTERS.AddLocationTest@a22cb6a]" name="verifyAddLocation" class="testCases.ADMIN.MASTERS.AddLocationTest"/>
        <method signature="AddOrganizationTest.verifyAddOrganization()[pri:0, instance:testCases.ADMIN.MASTERS.AddOrganizationTest@142269f2]" name="verifyAddOrganization" class="testCases.ADMIN.MASTERS.AddOrganizationTest"/>
        <method signature="AddRoomsTest.verifyAddRooms()[pri:0, instance:testCases.ADMIN.MASTERS.AddRoomsTest@324a0017]" name="verifyAddRooms" class="testCases.ADMIN.MASTERS.AddRoomsTest"/>
        <method signature="AddWardsTest.verifyAddWards()[pri:0, instance:testCases.ADMIN.MASTERS.AddWardsTest@2e2ff723]" name="verifyAddWards" class="testCases.ADMIN.MASTERS.AddWardsTest"/>
      </group> <!-- ADMIN Module -->
      <group name="OP Module">
        <method signature="Patient_RegisterationTest.verify_PaitentRegisteration()[pri:0, instance:testCases.Patient_RegisterationTest@487db668]" name="verify_PaitentRegisteration" class="testCases.Patient_RegisterationTest"/>
        <method signature="UHID_CreationTest.verify_UHID_Registeration()[pri:0, instance:testCases.UHID_CreationTest@17aad511]" name="verify_UHID_Registeration" class="testCases.UHID_CreationTest"/>
      </group> <!-- OP Module -->
    </groups>
    <test started-at="2025-02-12T12:53:55 IST" name="Admin and OP Module Tests" finished-at="2025-02-12T12:57:02 IST" duration-ms="187236">
      <class name="testCases.Warehouse.Item_Creation_Test">
        <test-method is-config="true" signature="setup(java.lang.String,java.lang.String)[pri:0, instance:testCases.Warehouse.Item_Creation_Test@76884e4b]" started-at="2025-02-12T12:56:33 IST" name="setup" finished-at="2025-02-12T12:56:37 IST" duration-ms="3942" status="PASS">
          <params>
            <param index="0">
              <value>
                <![CDATA[Windows]]>
              </value>
            </param>
            <param index="1">
              <value>
                <![CDATA[chrome]]>
              </value>
            </param>
          </params>
          <reporter-output>
          </reporter-output>
        </test-method> <!-- setup -->
        <test-method signature="verifyItemCreation(java.lang.String)[pri:0, instance:testCases.Warehouse.Item_Creation_Test@76884e4b]" started-at="2025-02-12T12:56:37 IST" name="verifyItemCreation" data-provider="dosageUnits" finished-at="2025-02-12T12:57:02 IST" duration-ms="24379" status="PASS">
          <params>
            <param index="0">
              <value>
                <![CDATA[100mg]]>
              </value>
            </param>
          </params>
          <reporter-output>
          </reporter-output>
        </test-method> <!-- verifyItemCreation -->
        <test-method is-config="true" signature="teardown()[pri:0, instance:testCases.Warehouse.Item_Creation_Test@76884e4b]" started-at="2025-02-12T12:57:02 IST" name="teardown" finished-at="2025-02-12T12:57:02 IST" duration-ms="319" status="PASS">
          <reporter-output>
          </reporter-output>
        </test-method> <!-- teardown -->
      </class> <!-- testCases.Warehouse.Item_Creation_Test -->
      <class name="testCases.ADMIN.MASTERS.AddRoomsTest">
        <test-method is-config="true" signature="setup(java.lang.String,java.lang.String)[pri:0, instance:testCases.ADMIN.MASTERS.AddRoomsTest@324a0017]" started-at="2025-02-12T12:54:42 IST" name="setup" finished-at="2025-02-12T12:54:46 IST" duration-ms="3750" status="PASS">
          <params>
            <param index="0">
              <value>
                <![CDATA[Windows]]>
              </value>
            </param>
            <param index="1">
              <value>
                <![CDATA[chrome]]>
              </value>
            </param>
          </params>
          <reporter-output>
          </reporter-output>
        </test-method> <!-- setup -->
        <test-method signature="verifyAddRooms()[pri:0, instance:testCases.ADMIN.MASTERS.AddRoomsTest@324a0017]" started-at="2025-02-12T12:54:46 IST" name="verifyAddRooms" finished-at="2025-02-12T12:54:57 IST" duration-ms="10812" status="PASS">
          <reporter-output>
          </reporter-output>
        </test-method> <!-- verifyAddRooms -->
        <test-method is-config="true" signature="teardown()[pri:0, instance:testCases.ADMIN.MASTERS.AddRoomsTest@324a0017]" started-at="2025-02-12T12:54:57 IST" name="teardown" finished-at="2025-02-12T12:54:57 IST" duration-ms="260" status="PASS">
          <reporter-output>
          </reporter-output>
        </test-method> <!-- teardown -->
      </class> <!-- testCases.ADMIN.MASTERS.AddRoomsTest -->
      <class name="testCases.ADMIN.MASTERS.AddFloorsTest">
        <test-method is-config="true" signature="setup(java.lang.String,java.lang.String)[pri:0, instance:testCases.ADMIN.MASTERS.AddFloorsTest@59b38691]" started-at="2025-02-12T12:54:27 IST" name="setup" finished-at="2025-02-12T12:54:31 IST" duration-ms="3834" status="PASS">
          <params>
            <param index="0">
              <value>
                <![CDATA[Windows]]>
              </value>
            </param>
            <param index="1">
              <value>
                <![CDATA[chrome]]>
              </value>
            </param>
          </params>
          <reporter-output>
          </reporter-output>
        </test-method> <!-- setup -->
        <test-method signature="verifyAddFloors()[pri:0, instance:testCases.ADMIN.MASTERS.AddFloorsTest@59b38691]" started-at="2025-02-12T12:54:31 IST" name="verifyAddFloors" finished-at="2025-02-12T12:54:33 IST" duration-ms="2734" status="FAIL">
          <exception class="java.lang.AssertionError">
            <message>
              <![CDATA[❌ Floor Added Test Failed expected [Floor added successfully] but found [Floor number already exists]]]>
            </message>
            <full-stacktrace>
              <![CDATA[java.lang.AssertionError: ❌ Floor Added Test Failed expected [Floor added successfully] but found [Floor number already exists]
at org.testng.Assert.fail(Assert.java:111)
at org.testng.Assert.failNotEquals(Assert.java:1578)
at org.testng.Assert.assertEqualsImpl(Assert.java:150)
at org.testng.Assert.assertEquals(Assert.java:132)
at org.testng.Assert.assertEquals(Assert.java:656)
at pageObjects.adminModule.MasterList.TC_006_AddFloors.setSubmitFloor(TC_006_AddFloors.java:62)
at testCases.ADMIN.MASTERS.AddFloorsTest.verifyAddFloors(AddFloorsTest.java:23)
at java.base/jdk.internal.reflect.DirectMethodHandleAccessor.invoke(DirectMethodHandleAccessor.java:103)
at java.base/java.lang.reflect.Method.invoke(Method.java:580)
at org.testng.internal.invokers.MethodInvocationHelper.invokeMethod(MethodInvocationHelper.java:141)
at org.testng.internal.invokers.TestInvoker.invokeMethod(TestInvoker.java:686)
at org.testng.internal.invokers.TestInvoker.invokeTestMethod(TestInvoker.java:230)
at org.testng.internal.invokers.MethodRunner.runInSequence(MethodRunner.java:63)
at org.testng.internal.invokers.TestInvoker$MethodInvocationAgent.invoke(TestInvoker.java:992)
at org.testng.internal.invokers.TestInvoker.invokeTestMethods(TestInvoker.java:203)
at org.testng.internal.invokers.TestMethodWorker.invokeTestMethods(TestMethodWorker.java:154)
at org.testng.internal.invokers.TestMethodWorker.run(TestMethodWorker.java:134)
at java.base/java.util.ArrayList.forEach(ArrayList.java:1596)
at org.testng.TestRunner.privateRun(TestRunner.java:739)
at org.testng.TestRunner.run(TestRunner.java:614)
at org.testng.SuiteRunner.runTest(SuiteRunner.java:421)
at org.testng.SuiteRunner$SuiteWorker.run(SuiteRunner.java:463)
at org.testng.internal.thread.ThreadUtil.lambda$execute$0(ThreadUtil.java:64)
at java.base/java.util.concurrent.FutureTask.run(FutureTask.java:317)
at java.base/java.util.concurrent.ThreadPoolExecutor.runWorker(ThreadPoolExecutor.java:1144)
at java.base/java.util.concurrent.ThreadPoolExecutor$Worker.run(ThreadPoolExecutor.java:642)
at java.base/java.lang.Thread.run(Thread.java:1583)
]]>
            </full-stacktrace>
          </exception> <!-- java.lang.AssertionError -->
          <reporter-output>
          </reporter-output>
        </test-method> <!-- verifyAddFloors -->
        <test-method is-config="true" signature="teardown()[pri:0, instance:testCases.ADMIN.MASTERS.AddFloorsTest@59b38691]" started-at="2025-02-12T12:54:34 IST" name="teardown" finished-at="2025-02-12T12:54:34 IST" duration-ms="204" status="PASS">
          <reporter-output>
          </reporter-output>
        </test-method> <!-- teardown -->
      </class> <!-- testCases.ADMIN.MASTERS.AddFloorsTest -->
      <class name="testCases.UHID_CreationTest">
        <test-method is-config="true" signature="setup(java.lang.String,java.lang.String)[pri:0, instance:testCases.UHID_CreationTest@17aad511]" started-at="2025-02-12T12:55:31 IST" name="setup" finished-at="2025-02-12T12:55:35 IST" duration-ms="4010" status="PASS">
          <params>
            <param index="0">
              <value>
                <![CDATA[Windows]]>
              </value>
            </param>
            <param index="1">
              <value>
                <![CDATA[chrome]]>
              </value>
            </param>
          </params>
          <reporter-output>
          </reporter-output>
        </test-method> <!-- setup -->
        <test-method signature="verify_UHID_Registeration()[pri:0, instance:testCases.UHID_CreationTest@17aad511]" started-at="2025-02-12T12:55:35 IST" name="verify_UHID_Registeration" finished-at="2025-02-12T12:55:53 IST" duration-ms="17825" status="PASS">
          <reporter-output>
          </reporter-output>
        </test-method> <!-- verify_UHID_Registeration -->
        <test-method is-config="true" signature="teardown()[pri:0, instance:testCases.UHID_CreationTest@17aad511]" started-at="2025-02-12T12:55:53 IST" name="teardown" finished-at="2025-02-12T12:55:53 IST" duration-ms="295" status="PASS">
          <reporter-output>
          </reporter-output>
        </test-method> <!-- teardown -->
      </class> <!-- testCases.UHID_CreationTest -->
      <class name="testCases.ADMIN.MASTERS.AddCounterTest">
        <test-method is-config="true" signature="setup(java.lang.String,java.lang.String)[pri:0, instance:testCases.ADMIN.MASTERS.AddCounterTest@7502291e]" started-at="2025-02-12T12:55:22 IST" name="setup" finished-at="2025-02-12T12:55:26 IST" duration-ms="3986" status="PASS">
          <params>
            <param index="0">
              <value>
                <![CDATA[Windows]]>
              </value>
            </param>
            <param index="1">
              <value>
                <![CDATA[chrome]]>
              </value>
            </param>
          </params>
          <reporter-output>
          </reporter-output>
        </test-method> <!-- setup -->
        <test-method signature="verifyAddCounters()[pri:0, instance:testCases.ADMIN.MASTERS.AddCounterTest@7502291e]" started-at="2025-02-12T12:55:26 IST" name="verifyAddCounters" finished-at="2025-02-12T12:55:30 IST" duration-ms="4319" status="PASS">
          <reporter-output>
          </reporter-output>
        </test-method> <!-- verifyAddCounters -->
        <test-method is-config="true" signature="teardown()[pri:0, instance:testCases.ADMIN.MASTERS.AddCounterTest@7502291e]" started-at="2025-02-12T12:55:30 IST" name="teardown" finished-at="2025-02-12T12:55:31 IST" duration-ms="197" status="PASS">
          <reporter-output>
          </reporter-output>
        </test-method> <!-- teardown -->
      </class> <!-- testCases.ADMIN.MASTERS.AddCounterTest -->
      <class name="testCases.ADMIN.MASTERS.AddDepartmentsTest">
        <test-method is-config="true" signature="setup(java.lang.String,java.lang.String)[pri:0, instance:testCases.ADMIN.MASTERS.AddDepartmentsTest@5dd1c9f2]" started-at="2025-02-12T12:54:19 IST" name="setup" finished-at="2025-02-12T12:54:23 IST" duration-ms="3936" status="PASS">
          <params>
            <param index="0">
              <value>
                <![CDATA[Windows]]>
              </value>
            </param>
            <param index="1">
              <value>
                <![CDATA[chrome]]>
              </value>
            </param>
          </params>
          <reporter-output>
          </reporter-output>
        </test-method> <!-- setup -->
        <test-method signature="verifyAddDepartment()[pri:0, instance:testCases.ADMIN.MASTERS.AddDepartmentsTest@5dd1c9f2]" started-at="2025-02-12T12:54:23 IST" name="verifyAddDepartment" finished-at="2025-02-12T12:54:27 IST" duration-ms="3541" status="PASS">
          <reporter-output>
          </reporter-output>
        </test-method> <!-- verifyAddDepartment -->
        <test-method is-config="true" signature="teardown()[pri:0, instance:testCases.ADMIN.MASTERS.AddDepartmentsTest@5dd1c9f2]" started-at="2025-02-12T12:54:27 IST" name="teardown" finished-at="2025-02-12T12:54:27 IST" duration-ms="188" status="PASS">
          <reporter-output>
          </reporter-output>
        </test-method> <!-- teardown -->
      </class> <!-- testCases.ADMIN.MASTERS.AddDepartmentsTest -->
      <class name="testCases.ADMIN.MASTERS.AddOrganizationTest">
        <test-method is-config="true" signature="setup(java.lang.String,java.lang.String)[pri:0, instance:testCases.ADMIN.MASTERS.AddOrganizationTest@142269f2]" started-at="2025-02-12T12:53:55 IST" name="setup" finished-at="2025-02-12T12:53:59 IST" duration-ms="4129" status="PASS">
          <params>
            <param index="0">
              <value>
                <![CDATA[Windows]]>
              </value>
            </param>
            <param index="1">
              <value>
                <![CDATA[chrome]]>
              </value>
            </param>
          </params>
          <reporter-output>
          </reporter-output>
        </test-method> <!-- setup -->
        <test-method signature="verifyAddOrganization()[pri:0, instance:testCases.ADMIN.MASTERS.AddOrganizationTest@142269f2]" started-at="2025-02-12T12:53:59 IST" name="verifyAddOrganization" finished-at="2025-02-12T12:54:11 IST" duration-ms="11860" status="PASS">
          <reporter-output>
          </reporter-output>
        </test-method> <!-- verifyAddOrganization -->
        <test-method is-config="true" signature="teardown()[pri:0, instance:testCases.ADMIN.MASTERS.AddOrganizationTest@142269f2]" started-at="2025-02-12T12:54:11 IST" name="teardown" finished-at="2025-02-12T12:54:11 IST" duration-ms="283" status="PASS">
          <reporter-output>
          </reporter-output>
        </test-method> <!-- teardown -->
      </class> <!-- testCases.ADMIN.MASTERS.AddOrganizationTest -->
      <class name="testCases.Patient_RegisterationTest">
        <test-method is-config="true" signature="setup(java.lang.String,java.lang.String)[pri:0, instance:testCases.Patient_RegisterationTest@487db668]" started-at="2025-02-12T12:55:53 IST" name="setup" finished-at="2025-02-12T12:55:57 IST" duration-ms="4069" status="PASS">
          <params>
            <param index="0">
              <value>
                <![CDATA[Windows]]>
              </value>
            </param>
            <param index="1">
              <value>
                <![CDATA[chrome]]>
              </value>
            </param>
          </params>
          <reporter-output>
          </reporter-output>
        </test-method> <!-- setup -->
        <test-method signature="verify_PaitentRegisteration()[pri:0, instance:testCases.Patient_RegisterationTest@487db668]" started-at="2025-02-12T12:55:57 IST" name="verify_PaitentRegisteration" finished-at="2025-02-12T12:56:33 IST" duration-ms="36010" status="PASS">
          <reporter-output>
          </reporter-output>
        </test-method> <!-- verify_PaitentRegisteration -->
        <test-method is-config="true" signature="teardown()[pri:0, instance:testCases.Patient_RegisterationTest@487db668]" started-at="2025-02-12T12:56:33 IST" name="teardown" finished-at="2025-02-12T12:56:33 IST" duration-ms="314" status="PASS">
          <reporter-output>
          </reporter-output>
        </test-method> <!-- teardown -->
      </class> <!-- testCases.Patient_RegisterationTest -->
      <class name="testCases.ADMIN.MASTERS.AddWardsTest">
        <test-method is-config="true" signature="setup(java.lang.String,java.lang.String)[pri:0, instance:testCases.ADMIN.MASTERS.AddWardsTest@2e2ff723]" started-at="2025-02-12T12:54:34 IST" name="setup" finished-at="2025-02-12T12:54:38 IST" duration-ms="3784" status="PASS">
          <params>
            <param index="0">
              <value>
                <![CDATA[Windows]]>
              </value>
            </param>
            <param index="1">
              <value>
                <![CDATA[chrome]]>
              </value>
            </param>
          </params>
          <reporter-output>
          </reporter-output>
        </test-method> <!-- setup -->
        <test-method signature="verifyAddWards()[pri:0, instance:testCases.ADMIN.MASTERS.AddWardsTest@2e2ff723]" started-at="2025-02-12T12:54:38 IST" name="verifyAddWards" finished-at="2025-02-12T12:54:42 IST" duration-ms="4425" status="PASS">
          <reporter-output>
          </reporter-output>
        </test-method> <!-- verifyAddWards -->
        <test-method is-config="true" signature="teardown()[pri:0, instance:testCases.ADMIN.MASTERS.AddWardsTest@2e2ff723]" started-at="2025-02-12T12:54:42 IST" name="teardown" finished-at="2025-02-12T12:54:42 IST" duration-ms="203" status="PASS">
          <reporter-output>
          </reporter-output>
        </test-method> <!-- teardown -->
      </class> <!-- testCases.ADMIN.MASTERS.AddWardsTest -->
      <class name="testCases.ADMIN.MASTERS.AddLocationTest">
        <test-method is-config="true" signature="setup(java.lang.String,java.lang.String)[pri:0, instance:testCases.ADMIN.MASTERS.AddLocationTest@a22cb6a]" started-at="2025-02-12T12:54:11 IST" name="setup" finished-at="2025-02-12T12:54:15 IST" duration-ms="3811" status="PASS">
          <params>
            <param index="0">
              <value>
                <![CDATA[Windows]]>
              </value>
            </param>
            <param index="1">
              <value>
                <![CDATA[chrome]]>
              </value>
            </param>
          </params>
          <reporter-output>
          </reporter-output>
        </test-method> <!-- setup -->
        <test-method signature="verifyAddLocation(java.lang.String)[pri:0, instance:testCases.ADMIN.MASTERS.AddLocationTest@a22cb6a]" started-at="2025-02-12T12:54:15 IST" name="verifyAddLocation" data-provider="Organization" finished-at="2025-02-12T12:54:19 IST" duration-ms="4005" status="PASS">
          <params>
            <param index="0">
              <value>
                <![CDATA[CIANUDI]]>
              </value>
            </param>
          </params>
          <reporter-output>
          </reporter-output>
        </test-method> <!-- verifyAddLocation -->
        <test-method is-config="true" signature="teardown()[pri:0, instance:testCases.ADMIN.MASTERS.AddLocationTest@a22cb6a]" started-at="2025-02-12T12:54:19 IST" name="teardown" finished-at="2025-02-12T12:54:19 IST" duration-ms="192" status="PASS">
          <reporter-output>
          </reporter-output>
        </test-method> <!-- teardown -->
      </class> <!-- testCases.ADMIN.MASTERS.AddLocationTest -->
      <class name="testCases.ADMIN.MASTERS.AddIDProofTest">
        <test-method is-config="true" signature="setup(java.lang.String,java.lang.String)[pri:0, instance:testCases.ADMIN.MASTERS.AddIDProofTest@2445445a]" started-at="2025-02-12T12:55:15 IST" name="setup" finished-at="2025-02-12T12:55:19 IST" duration-ms="3867" status="PASS">
          <params>
            <param index="0">
              <value>
                <![CDATA[Windows]]>
              </value>
            </param>
            <param index="1">
              <value>
                <![CDATA[chrome]]>
              </value>
            </param>
          </params>
          <reporter-output>
          </reporter-output>
        </test-method> <!-- setup -->
        <test-method signature="verifyAddID_Proofs()[pri:0, instance:testCases.ADMIN.MASTERS.AddIDProofTest@2445445a]" started-at="2025-02-12T12:55:19 IST" name="verifyAddID_Proofs" finished-at="2025-02-12T12:55:22 IST" duration-ms="2779" status="PASS">
          <reporter-output>
          </reporter-output>
        </test-method> <!-- verifyAddID_Proofs -->
        <test-method is-config="true" signature="teardown()[pri:0, instance:testCases.ADMIN.MASTERS.AddIDProofTest@2445445a]" started-at="2025-02-12T12:55:22 IST" name="teardown" finished-at="2025-02-12T12:55:22 IST" duration-ms="203" status="PASS">
          <reporter-output>
          </reporter-output>
        </test-method> <!-- teardown -->
      </class> <!-- testCases.ADMIN.MASTERS.AddIDProofTest -->
      <class name="testCases.ADMIN.MASTERS.AddBedMastersTest">
        <test-method is-config="true" signature="setup(java.lang.String,java.lang.String)[pri:0, instance:testCases.ADMIN.MASTERS.AddBedMastersTest@6187d1f5]" started-at="2025-02-12T12:54:57 IST" name="setup" finished-at="2025-02-12T12:55:01 IST" duration-ms="4023" status="PASS">
          <params>
            <param index="0">
              <value>
                <![CDATA[Windows]]>
              </value>
            </param>
            <param index="1">
              <value>
                <![CDATA[chrome]]>
              </value>
            </param>
          </params>
          <reporter-output>
          </reporter-output>
        </test-method> <!-- setup -->
        <test-method signature="verifyAddBedMasters()[pri:0, instance:testCases.ADMIN.MASTERS.AddBedMastersTest@6187d1f5]" started-at="2025-02-12T12:55:01 IST" name="verifyAddBedMasters" finished-at="2025-02-12T12:55:15 IST" duration-ms="13918" status="PASS">
          <reporter-output>
          </reporter-output>
        </test-method> <!-- verifyAddBedMasters -->
        <test-method is-config="true" signature="teardown()[pri:0, instance:testCases.ADMIN.MASTERS.AddBedMastersTest@6187d1f5]" started-at="2025-02-12T12:55:15 IST" name="teardown" finished-at="2025-02-12T12:55:15 IST" duration-ms="358" status="PASS">
          <reporter-output>
          </reporter-output>
        </test-method> <!-- teardown -->
      </class> <!-- testCases.ADMIN.MASTERS.AddBedMastersTest -->
    </test> <!-- Admin and OP Module Tests -->
  </suite> <!-- Master Suite -->
</testng-results>
